<?xml version="1.0" encoding="UTF-8"?>
<testsuite xmlns:xsi="http://www.w3.org/2001/XMLSchema-instance" xsi:noNamespaceSchemaLocation="https://maven.apache.org/surefire/maven-surefire-plugin/xsd/surefire-test-report-3.0.xsd" version="3.0" name="TestSuite" time="3.185" tests="1" errors="0" skipped="0" failures="0">
  <properties>
[...]
</properties>
  <testcase name="runScenario[&quot;This is Smoke feature&quot;, &quot;Smoke Feature&quot;](1)" classname="testrunner.Smoke" time="0.22">
    <system-out><![CDATA[
@Smoke
Scenario: This is Smoke feature &amp#27;[90m# src/test/java/features/smoke.feature:3&amp#27;[0m
Setup Before
this is smoke test cases
  &amp#27;[32mGiven &amp#27;[0m&amp#27;[32mThis is smoke test case&amp#27;[0m &amp#27;[90m# stepdefinition.StepDefi.smokeTestCase()&amp#27;[0m
Sceanrio Name isThis is Smoke feature
Sceanrio Tag isPASSED
Tear Down Method Executed
Filepath is passed
]]></system-out>
  </testcase>
</testsuite>